<?xml version="1.0" encoding="UTF-8" standalone="no"?>
<testsuite failures="1" name="cucumber.runtime.formatter.JUnitFormatter" skipped="0" tests="1" time="76.665497">
<testcase classname="validation of car search page" name="Searching for a new car" time="76.665497">
<failure message="org.openqa.selenium.NoSuchElementException: Cannot locate element with text: 1 Series&#10;For documentation on this error, please visit: https://www.seleniumhq.org/exceptions/no_such_element.html&#10;Build info: version: '3.141.59', revision: 'e82be7d358', time: '2018-11-14T08:17:03'&#10;System info: host: 'DESKTOP-L49GJNQ', ip: '192.168.1.4', os.name: 'Windows 10', os.arch: 'amd64', os.version: '10.0', java.version: '1.8.0_251'&#10;Driver info: driver.version: unknown&#13;&#10;&#9;at org.openqa.selenium.support.ui.Select.selectByVisibleText(Select.java:147)&#13;&#10;&#9;at StepDefinitions.CarSearchSteps.i_select_Model_as(CarSearchSteps.java:90)&#13;&#10;&#9;at ✽.I select Model as &quot;1 Series&quot;(file:src/test/resources/features/carSearch.feature:11)&#13;&#10;"><![CDATA[Given I am on the home page http://www.carsguide.com.au.....................passed
When I move on the buy+sell menu............................................passed
Then I click on Search Cars.................................................passed
And I select Make as "BMW"..................................................passed
And I select Model as "1 Series"............................................failed
And I select location as "NSW - Central Coast"..............................skipped
And I select price as "$50,000".............................................skipped
And I click on Find My Next Car button......................................skipped
Then I should see the list of "4 BMW 1 Series for Sale under $50,000 in Central Coast, NSW" cars.skipped
And page tilte should be "Bmw 1 Series Under 50000 for Sale Central Coast NSW | carsguide".skipped

StackTrace:
org.openqa.selenium.NoSuchElementException: Cannot locate element with text: 1 Series
For documentation on this error, please visit: https://www.seleniumhq.org/exceptions/no_such_element.html
Build info: version: '3.141.59', revision: 'e82be7d358', time: '2018-11-14T08:17:03'
System info: host: 'DESKTOP-L49GJNQ', ip: '192.168.1.4', os.name: 'Windows 10', os.arch: 'amd64', os.version: '10.0', java.version: '1.8.0_251'
Driver info: driver.version: unknown
	at org.openqa.selenium.support.ui.Select.selectByVisibleText(Select.java:147)
	at StepDefinitions.CarSearchSteps.i_select_Model_as(CarSearchSteps.java:90)
	at ✽.I select Model as "1 Series"(file:src/test/resources/features/carSearch.feature:11)
]]></failure>
</testcase>
</testsuite>
